<?xml version="1.0" encoding="UTF-8"?>
<!-- Generated by org.testng.reporters.JUnitXMLReporter -->
<testsuite ignored="0" hostname="DESKTOP-OA5RU36" failures="0" tests="4" name="Test" time="82.447" errors="0" timestamp="2022-08-14T19:54:40 IST">
  <testcase classname="com.testCases.TC01" name="loginTest" time="44.165"/>
  <testcase classname="com.testCases.TC01" name="loginDDT" time="4.816"/>
  <testcase classname="com.testCases.TC01" name="Keyword" time="5.224"/>
  <testcase classname="com.testCases.TC01" name="Credit" time="25.057"/>
</testsuite> <!-- Test -->
