<?xml version="1.0" encoding="UTF-8"?>
<testng-results ignored="0" total="4" passed="4" failed="0" skipped="0">
  <reporter-output>
  </reporter-output>
  <suite started-at="2022-08-14T19:53:18 IST" name="Suite" finished-at="2022-08-14T19:54:40 IST" duration-ms="82447">
    <groups>
    </groups>
    <test started-at="2022-08-14T19:53:18 IST" name="Test" finished-at="2022-08-14T19:54:40 IST" duration-ms="82447">
      <class name="com.testCases.TC01">
        <test-method is-config="true" signature="setup(java.lang.String)[pri:0, instance:com.testCases.TC01@1d8bd0de]" started-at="2022-08-14T19:53:18 IST" name="setup" finished-at="2022-08-14T19:53:20 IST" duration-ms="2608" status="PASS">
          <params>
            <param index="0">
              <value>
                <![CDATA[chrome]]>
              </value>
            </param>
          </params>
          <reporter-output>
          </reporter-output>
        </test-method> <!-- setup -->
        <test-method signature="loginTest()[pri:1, instance:com.testCases.TC01@1d8bd0de]" started-at="2022-08-14T19:53:20 IST" name="loginTest" finished-at="2022-08-14T19:54:05 IST" duration-ms="44165" status="PASS">
          <reporter-output>
          </reporter-output>
        </test-method> <!-- loginTest -->
        <test-method signature="loginDDT(java.lang.String,java.lang.String,java.lang.String,java.lang.String,java.lang.String,java.lang.String,java.lang.String,java.lang.String,java.lang.String)[pri:2, instance:com.testCases.TC01@1d8bd0de]" started-at="2022-08-14T19:54:05 IST" name="loginDDT" data-provider="LoginData" finished-at="2022-08-14T19:54:10 IST" duration-ms="4816" status="PASS">
          <params>
            <param index="0">
              <value>
                <![CDATA[Test]]>
              </value>
            </param>
            <param index="1">
              <value>
                <![CDATA[Test]]>
              </value>
            </param>
            <param index="2">
              <value>
                <![CDATA[Test]]>
              </value>
            </param>
            <param index="3">
              <value>
                <![CDATA[Test]]>
              </value>
            </param>
            <param index="4">
              <value>
                <![CDATA[New York]]>
              </value>
            </param>
            <param index="5">
              <value>
                <![CDATA[New York]]>
              </value>
            </param>
            <param index="6">
              <value>
                <![CDATA[10001]]>
              </value>
            </param>
            <param index="7">
              <value>
                <![CDATA[san@gee.com]]>
              </value>
            </param>
            <param index="8">
              <value>
                <![CDATA[7909123123]]>
              </value>
            </param>
          </params>
          <reporter-output>
          </reporter-output>
        </test-method> <!-- loginDDT -->
        <test-method signature="Keyword()[pri:3, instance:com.testCases.TC01@1d8bd0de]" started-at="2022-08-14T19:54:10 IST" name="Keyword" finished-at="2022-08-14T19:54:15 IST" duration-ms="5224" status="PASS">
          <reporter-output>
          </reporter-output>
        </test-method> <!-- Keyword -->
        <test-method signature="Credit()[pri:4, instance:com.testCases.TC01@1d8bd0de]" started-at="2022-08-14T19:54:15 IST" name="Credit" finished-at="2022-08-14T19:54:40 IST" duration-ms="25057" status="PASS">
          <reporter-output>
          </reporter-output>
        </test-method> <!-- Credit -->
        <test-method is-config="true" signature="tearDwon()[pri:0, instance:com.testCases.TC01@1d8bd0de]" started-at="2022-08-14T19:54:40 IST" name="tearDwon" finished-at="2022-08-14T19:54:40 IST" duration-ms="178" status="PASS">
          <reporter-output>
          </reporter-output>
        </test-method> <!-- tearDwon -->
      </class> <!-- com.testCases.TC01 -->
    </test> <!-- Test -->
  </suite> <!-- Suite -->
</testng-results>
